2021-11-05T17:54:25.542+0800 INFO Starting PizzaOrderApplication using Java 1.8.0_261 on jijithas-air.lan with PID 5781 (/Users/jijithaneervarathabhinandanakumar/Documents/PizzaOrder/target/classes started by jijithaneervarathabhinandanakumar in /Users/jijithaneervarathabhinandanakumar/Documents/PizzaOrder)
2021-11-05T17:54:25.550+0800 INFO No active profile set, falling back to default profiles: default
2021-11-05T17:54:26.147+0800 INFO Bootstrapping Spring Data JPA repositories in DEFAULT mode.
2021-11-05T17:54:26.186+0800 INFO Finished Spring Data repository scanning in 33 ms. Found 1 JPA repository interfaces.
2021-11-05T17:54:26.620+0800 INFO Tomcat initialized with port(s): 8082 (http)
2021-11-05T17:54:26.627+0800 INFO Initializing ProtocolHandler ["http-nio-8082"]
2021-11-05T17:54:26.627+0800 INFO Starting service [Tomcat]
2021-11-05T17:54:26.628+0800 INFO Starting Servlet engine: [Apache Tomcat/9.0.54]
2021-11-05T17:54:26.683+0800 INFO Initializing Spring embedded WebApplicationContext
2021-11-05T17:54:26.683+0800 INFO Root WebApplicationContext: initialization completed in 1103 ms
2021-11-05T17:54:26.707+0800 INFO HikariPool-1 - Starting...
2021-11-05T17:54:26.860+0800 INFO HikariPool-1 - Start completed.
2021-11-05T17:54:26.865+0800 INFO H2 console available at '/h2-console'. Database available at 'jdbc:h2:file:./src/main/resources/db/orders'
2021-11-05T17:54:26.955+0800 INFO HHH000204: Processing PersistenceUnitInfo [name: default]
2021-11-05T17:54:26.990+0800 INFO HHH000412: Hibernate ORM core version 5.4.32.Final
2021-11-05T17:54:27.087+0800 INFO HCANN000001: Hibernate Commons Annotations {5.1.2.Final}
2021-11-05T17:54:27.182+0800 INFO HHH000400: Using dialect: org.hibernate.dialect.H2Dialect
2021-11-05T17:54:27.620+0800 INFO HHH000490: Using JtaPlatform implementation: [org.hibernate.engine.transaction.jta.platform.internal.NoJtaPlatform]
2021-11-05T17:54:27.627+0800 INFO Initialized JPA EntityManagerFactory for persistence unit 'default'
2021-11-05T17:54:27.998+0800 WARN spring.jpa.open-in-view is enabled by default. Therefore, database queries may be performed during view rendering. Explicitly configure spring.jpa.open-in-view to disable this warning
2021-11-05T17:54:28.410+0800 INFO Starting ProtocolHandler ["http-nio-8082"]
2021-11-05T17:54:28.425+0800 INFO Tomcat started on port(s): 8082 (http) with context path ''
2021-11-05T17:54:28.619+0800 INFO Started PizzaOrderApplication in 3.363 seconds (JVM running for 4.073)
2021-11-05T17:54:39.291+0800 INFO Initializing Spring DispatcherServlet 'dispatcherServlet'
2021-11-05T17:54:39.291+0800 INFO Initializing Servlet 'dispatcherServlet'
2021-11-05T17:54:39.292+0800 INFO Completed initialization in 1 ms
2021-11-05T17:54:39.358+0800 INFO add order init
2021-11-05T18:13:18.425+0800 INFO Neither @ContextConfiguration nor @ContextHierarchy found for test class [pizza.order.test.OrderControllerTest], using SpringBootContextLoader
2021-11-05T18:13:18.432+0800 INFO Could not detect default resource locations for test class [pizza.order.test.OrderControllerTest]: no resource found for suffixes {-context.xml, Context.groovy}.
2021-11-05T18:13:18.433+0800 INFO Could not detect default configuration classes for test class [pizza.order.test.OrderControllerTest]: OrderControllerTest does not declare any static, non-private, non-final, nested classes annotated with @Configuration.
2021-11-05T18:13:18.545+0800 INFO Found @SpringBootConfiguration pizza.order.PizzaOrderApplication for test class pizza.order.test.OrderControllerTest
2021-11-05T18:13:18.549+0800 INFO Loaded default TestExecutionListener class names from location [META-INF/spring.factories]: [org.springframework.boot.test.mock.mockito.MockitoTestExecutionListener, org.springframework.boot.test.mock.mockito.ResetMocksTestExecutionListener, org.springframework.boot.test.autoconfigure.restdocs.RestDocsTestExecutionListener, org.springframework.boot.test.autoconfigure.web.client.MockRestServiceServerResetTestExecutionListener, org.springframework.boot.test.autoconfigure.web.servlet.MockMvcPrintOnlyOnFailureTestExecutionListener, org.springframework.boot.test.autoconfigure.web.servlet.WebDriverTestExecutionListener, org.springframework.boot.test.autoconfigure.webservices.client.MockWebServiceServerTestExecutionListener, org.springframework.test.context.web.ServletTestExecutionListener, org.springframework.test.context.support.DirtiesContextBeforeModesTestExecutionListener, org.springframework.test.context.event.ApplicationEventsTestExecutionListener, org.springframework.test.context.support.DependencyInjectionTestExecutionListener, org.springframework.test.context.support.DirtiesContextTestExecutionListener, org.springframework.test.context.transaction.TransactionalTestExecutionListener, org.springframework.test.context.jdbc.SqlScriptsTestExecutionListener, org.springframework.test.context.event.EventPublishingTestExecutionListener, org.springframework.security.test.context.support.WithSecurityContextTestExecutionListener, org.springframework.security.test.context.support.ReactorContextTestExecutionListener]
2021-11-05T18:13:18.566+0800 INFO Using TestExecutionListeners: [org.springframework.test.context.web.ServletTestExecutionListener@73a2e526, org.springframework.test.context.support.DirtiesContextBeforeModesTestExecutionListener@7d64e326, org.springframework.test.context.event.ApplicationEventsTestExecutionListener@13f95696, org.springframework.boot.test.mock.mockito.MockitoTestExecutionListener@cd1d761, org.springframework.boot.test.autoconfigure.SpringBootDependencyInjectionTestExecutionListener@68be8808, org.springframework.test.context.support.DirtiesContextTestExecutionListener@32193bea, org.springframework.test.context.transaction.TransactionalTestExecutionListener@6b8d96d9, org.springframework.test.context.jdbc.SqlScriptsTestExecutionListener@69653e16, org.springframework.test.context.event.EventPublishingTestExecutionListener@758705fa, org.springframework.security.test.context.support.WithSecurityContextTestExecutionListener@ebaa6cb, org.springframework.security.test.context.support.ReactorContextTestExecutionListener@906d29b, org.springframework.boot.test.mock.mockito.ResetMocksTestExecutionListener@49d3c823, org.springframework.boot.test.autoconfigure.restdocs.RestDocsTestExecutionListener@436bc36, org.springframework.boot.test.autoconfigure.web.client.MockRestServiceServerResetTestExecutionListener@5fe1ce85, org.springframework.boot.test.autoconfigure.web.servlet.MockMvcPrintOnlyOnFailureTestExecutionListener@604c5de8, org.springframework.boot.test.autoconfigure.web.servlet.WebDriverTestExecutionListener@37091312, org.springframework.boot.test.autoconfigure.webservices.client.MockWebServiceServerTestExecutionListener@66fdec9]
2021-11-05T18:13:19.067+0800 INFO Starting OrderControllerTest using Java 1.8.0_261 on jijithas-air.lan with PID 7207 (started by jijithaneervarathabhinandanakumar in /Users/jijithaneervarathabhinandanakumar/Documents/PizzaOrder)
2021-11-05T18:13:19.072+0800 INFO No active profile set, falling back to default profiles: default
2021-11-05T18:13:20.811+0800 INFO Initializing Spring TestDispatcherServlet ''
2021-11-05T18:13:20.812+0800 INFO Initializing Servlet ''
2021-11-05T18:13:20.814+0800 INFO Completed initialization in 2 ms
2021-11-05T18:13:20.853+0800 INFO Started OrderControllerTest in 2.081 seconds (JVM running for 3.541)
2021-11-05T18:15:41.941+0800 INFO Neither @ContextConfiguration nor @ContextHierarchy found for test class [pizza.order.test.OrderControllerTest], using SpringBootContextLoader
2021-11-05T18:15:41.949+0800 INFO Could not detect default resource locations for test class [pizza.order.test.OrderControllerTest]: no resource found for suffixes {-context.xml, Context.groovy}.
2021-11-05T18:15:41.949+0800 INFO Could not detect default configuration classes for test class [pizza.order.test.OrderControllerTest]: OrderControllerTest does not declare any static, non-private, non-final, nested classes annotated with @Configuration.
2021-11-05T18:15:42.056+0800 INFO Found @SpringBootConfiguration pizza.order.PizzaOrderApplication for test class pizza.order.test.OrderControllerTest
2021-11-05T18:15:42.060+0800 INFO Loaded default TestExecutionListener class names from location [META-INF/spring.factories]: [org.springframework.boot.test.mock.mockito.MockitoTestExecutionListener, org.springframework.boot.test.mock.mockito.ResetMocksTestExecutionListener, org.springframework.boot.test.autoconfigure.restdocs.RestDocsTestExecutionListener, org.springframework.boot.test.autoconfigure.web.client.MockRestServiceServerResetTestExecutionListener, org.springframework.boot.test.autoconfigure.web.servlet.MockMvcPrintOnlyOnFailureTestExecutionListener, org.springframework.boot.test.autoconfigure.web.servlet.WebDriverTestExecutionListener, org.springframework.boot.test.autoconfigure.webservices.client.MockWebServiceServerTestExecutionListener, org.springframework.test.context.web.ServletTestExecutionListener, org.springframework.test.context.support.DirtiesContextBeforeModesTestExecutionListener, org.springframework.test.context.event.ApplicationEventsTestExecutionListener, org.springframework.test.context.support.DependencyInjectionTestExecutionListener, org.springframework.test.context.support.DirtiesContextTestExecutionListener, org.springframework.test.context.transaction.TransactionalTestExecutionListener, org.springframework.test.context.jdbc.SqlScriptsTestExecutionListener, org.springframework.test.context.event.EventPublishingTestExecutionListener, org.springframework.security.test.context.support.WithSecurityContextTestExecutionListener, org.springframework.security.test.context.support.ReactorContextTestExecutionListener]
2021-11-05T18:15:42.074+0800 INFO Using TestExecutionListeners: [org.springframework.test.context.web.ServletTestExecutionListener@73a2e526, org.springframework.test.context.support.DirtiesContextBeforeModesTestExecutionListener@7d64e326, org.springframework.test.context.event.ApplicationEventsTestExecutionListener@13f95696, org.springframework.boot.test.mock.mockito.MockitoTestExecutionListener@cd1d761, org.springframework.boot.test.autoconfigure.SpringBootDependencyInjectionTestExecutionListener@68be8808, org.springframework.test.context.support.DirtiesContextTestExecutionListener@32193bea, org.springframework.test.context.transaction.TransactionalTestExecutionListener@6b8d96d9, org.springframework.test.context.jdbc.SqlScriptsTestExecutionListener@69653e16, org.springframework.test.context.event.EventPublishingTestExecutionListener@758705fa, org.springframework.security.test.context.support.WithSecurityContextTestExecutionListener@ebaa6cb, org.springframework.security.test.context.support.ReactorContextTestExecutionListener@906d29b, org.springframework.boot.test.mock.mockito.ResetMocksTestExecutionListener@49d3c823, org.springframework.boot.test.autoconfigure.restdocs.RestDocsTestExecutionListener@436bc36, org.springframework.boot.test.autoconfigure.web.client.MockRestServiceServerResetTestExecutionListener@5fe1ce85, org.springframework.boot.test.autoconfigure.web.servlet.MockMvcPrintOnlyOnFailureTestExecutionListener@604c5de8, org.springframework.boot.test.autoconfigure.web.servlet.WebDriverTestExecutionListener@37091312, org.springframework.boot.test.autoconfigure.webservices.client.MockWebServiceServerTestExecutionListener@66fdec9]
2021-11-05T18:15:42.526+0800 INFO Starting OrderControllerTest using Java 1.8.0_261 on jijithas-air.lan with PID 7396 (started by jijithaneervarathabhinandanakumar in /Users/jijithaneervarathabhinandanakumar/Documents/PizzaOrder)
2021-11-05T18:15:42.530+0800 INFO No active profile set, falling back to default profiles: default
2021-11-05T18:15:44.201+0800 INFO Initializing Spring TestDispatcherServlet ''
2021-11-05T18:15:44.201+0800 INFO Initializing Servlet ''
2021-11-05T18:15:44.203+0800 INFO Completed initialization in 2 ms
2021-11-05T18:15:44.238+0800 INFO Started OrderControllerTest in 1.987 seconds (JVM running for 3.232)
2021-11-05T18:15:44.485+0800 INFO add order init
2021-11-05T18:19:34.250+0800 INFO Neither @ContextConfiguration nor @ContextHierarchy found for test class [pizza.order.test.OrderControllerTest], using SpringBootContextLoader
2021-11-05T18:19:34.258+0800 INFO Could not detect default resource locations for test class [pizza.order.test.OrderControllerTest]: no resource found for suffixes {-context.xml, Context.groovy}.
2021-11-05T18:19:34.259+0800 INFO Could not detect default configuration classes for test class [pizza.order.test.OrderControllerTest]: OrderControllerTest does not declare any static, non-private, non-final, nested classes annotated with @Configuration.
2021-11-05T18:19:34.364+0800 INFO Found @SpringBootConfiguration pizza.order.PizzaOrderApplication for test class pizza.order.test.OrderControllerTest
2021-11-05T18:19:34.366+0800 INFO Loaded default TestExecutionListener class names from location [META-INF/spring.factories]: [org.springframework.boot.test.mock.mockito.MockitoTestExecutionListener, org.springframework.boot.test.mock.mockito.ResetMocksTestExecutionListener, org.springframework.boot.test.autoconfigure.restdocs.RestDocsTestExecutionListener, org.springframework.boot.test.autoconfigure.web.client.MockRestServiceServerResetTestExecutionListener, org.springframework.boot.test.autoconfigure.web.servlet.MockMvcPrintOnlyOnFailureTestExecutionListener, org.springframework.boot.test.autoconfigure.web.servlet.WebDriverTestExecutionListener, org.springframework.boot.test.autoconfigure.webservices.client.MockWebServiceServerTestExecutionListener, org.springframework.test.context.web.ServletTestExecutionListener, org.springframework.test.context.support.DirtiesContextBeforeModesTestExecutionListener, org.springframework.test.context.event.ApplicationEventsTestExecutionListener, org.springframework.test.context.support.DependencyInjectionTestExecutionListener, org.springframework.test.context.support.DirtiesContextTestExecutionListener, org.springframework.test.context.transaction.TransactionalTestExecutionListener, org.springframework.test.context.jdbc.SqlScriptsTestExecutionListener, org.springframework.test.context.event.EventPublishingTestExecutionListener, org.springframework.security.test.context.support.WithSecurityContextTestExecutionListener, org.springframework.security.test.context.support.ReactorContextTestExecutionListener]
2021-11-05T18:19:34.380+0800 INFO Using TestExecutionListeners: [org.springframework.test.context.web.ServletTestExecutionListener@73a2e526, org.springframework.test.context.support.DirtiesContextBeforeModesTestExecutionListener@7d64e326, org.springframework.test.context.event.ApplicationEventsTestExecutionListener@13f95696, org.springframework.boot.test.mock.mockito.MockitoTestExecutionListener@cd1d761, org.springframework.boot.test.autoconfigure.SpringBootDependencyInjectionTestExecutionListener@68be8808, org.springframework.test.context.support.DirtiesContextTestExecutionListener@32193bea, org.springframework.test.context.transaction.TransactionalTestExecutionListener@6b8d96d9, org.springframework.test.context.jdbc.SqlScriptsTestExecutionListener@69653e16, org.springframework.test.context.event.EventPublishingTestExecutionListener@758705fa, org.springframework.security.test.context.support.WithSecurityContextTestExecutionListener@ebaa6cb, org.springframework.security.test.context.support.ReactorContextTestExecutionListener@906d29b, org.springframework.boot.test.mock.mockito.ResetMocksTestExecutionListener@49d3c823, org.springframework.boot.test.autoconfigure.restdocs.RestDocsTestExecutionListener@436bc36, org.springframework.boot.test.autoconfigure.web.client.MockRestServiceServerResetTestExecutionListener@5fe1ce85, org.springframework.boot.test.autoconfigure.web.servlet.MockMvcPrintOnlyOnFailureTestExecutionListener@604c5de8, org.springframework.boot.test.autoconfigure.web.servlet.WebDriverTestExecutionListener@37091312, org.springframework.boot.test.autoconfigure.webservices.client.MockWebServiceServerTestExecutionListener@66fdec9]
2021-11-05T18:19:34.812+0800 INFO Starting OrderControllerTest using Java 1.8.0_261 on jijithas-air.lan with PID 7693 (started by jijithaneervarathabhinandanakumar in /Users/jijithaneervarathabhinandanakumar/Documents/PizzaOrder)
2021-11-05T18:19:34.816+0800 INFO No active profile set, falling back to default profiles: default
2021-11-05T18:19:36.297+0800 INFO Initializing Spring TestDispatcherServlet ''
2021-11-05T18:19:36.297+0800 INFO Initializing Servlet ''
2021-11-05T18:19:36.299+0800 INFO Completed initialization in 2 ms
2021-11-05T18:19:36.330+0800 INFO Started OrderControllerTest in 1.775 seconds (JVM running for 2.976)
2021-11-05T18:19:36.558+0800 INFO add order init
2021-11-05T18:19:49.263+0800 INFO add order init
2021-11-05T18:20:22.305+0800 INFO Application shutdown requested.
2021-11-05T18:20:22.332+0800 INFO Closing JPA EntityManagerFactory for persistence unit 'default'
2021-11-05T18:20:22.333+0800 INFO HHH000477: Starting delayed evictData of schema as part of SessionFactory shut-down'
2021-11-05T18:20:22.621+0800 INFO HikariPool-1 - Shutdown initiated...
2021-11-05T18:20:22.634+0800 INFO HikariPool-1 - Shutdown completed.
2021-11-05T18:20:43.223+0800 INFO Neither @ContextConfiguration nor @ContextHierarchy found for test class [pizza.order.test.OrderControllerTest], using SpringBootContextLoader
2021-11-05T18:20:43.230+0800 INFO Could not detect default resource locations for test class [pizza.order.test.OrderControllerTest]: no resource found for suffixes {-context.xml, Context.groovy}.
2021-11-05T18:20:43.231+0800 INFO Could not detect default configuration classes for test class [pizza.order.test.OrderControllerTest]: OrderControllerTest does not declare any static, non-private, non-final, nested classes annotated with @Configuration.
2021-11-05T18:20:43.339+0800 INFO Found @SpringBootConfiguration pizza.order.PizzaOrderApplication for test class pizza.order.test.OrderControllerTest
2021-11-05T18:20:43.342+0800 INFO Loaded default TestExecutionListener class names from location [META-INF/spring.factories]: [org.springframework.boot.test.mock.mockito.MockitoTestExecutionListener, org.springframework.boot.test.mock.mockito.ResetMocksTestExecutionListener, org.springframework.boot.test.autoconfigure.restdocs.RestDocsTestExecutionListener, org.springframework.boot.test.autoconfigure.web.client.MockRestServiceServerResetTestExecutionListener, org.springframework.boot.test.autoconfigure.web.servlet.MockMvcPrintOnlyOnFailureTestExecutionListener, org.springframework.boot.test.autoconfigure.web.servlet.WebDriverTestExecutionListener, org.springframework.boot.test.autoconfigure.webservices.client.MockWebServiceServerTestExecutionListener, org.springframework.test.context.web.ServletTestExecutionListener, org.springframework.test.context.support.DirtiesContextBeforeModesTestExecutionListener, org.springframework.test.context.event.ApplicationEventsTestExecutionListener, org.springframework.test.context.support.DependencyInjectionTestExecutionListener, org.springframework.test.context.support.DirtiesContextTestExecutionListener, org.springframework.test.context.transaction.TransactionalTestExecutionListener, org.springframework.test.context.jdbc.SqlScriptsTestExecutionListener, org.springframework.test.context.event.EventPublishingTestExecutionListener, org.springframework.security.test.context.support.WithSecurityContextTestExecutionListener, org.springframework.security.test.context.support.ReactorContextTestExecutionListener]
2021-11-05T18:20:43.356+0800 INFO Using TestExecutionListeners: [org.springframework.test.context.web.ServletTestExecutionListener@73a2e526, org.springframework.test.context.support.DirtiesContextBeforeModesTestExecutionListener@7d64e326, org.springframework.test.context.event.ApplicationEventsTestExecutionListener@13f95696, org.springframework.boot.test.mock.mockito.MockitoTestExecutionListener@cd1d761, org.springframework.boot.test.autoconfigure.SpringBootDependencyInjectionTestExecutionListener@68be8808, org.springframework.test.context.support.DirtiesContextTestExecutionListener@32193bea, org.springframework.test.context.transaction.TransactionalTestExecutionListener@6b8d96d9, org.springframework.test.context.jdbc.SqlScriptsTestExecutionListener@69653e16, org.springframework.test.context.event.EventPublishingTestExecutionListener@758705fa, org.springframework.security.test.context.support.WithSecurityContextTestExecutionListener@ebaa6cb, org.springframework.security.test.context.support.ReactorContextTestExecutionListener@906d29b, org.springframework.boot.test.mock.mockito.ResetMocksTestExecutionListener@49d3c823, org.springframework.boot.test.autoconfigure.restdocs.RestDocsTestExecutionListener@436bc36, org.springframework.boot.test.autoconfigure.web.client.MockRestServiceServerResetTestExecutionListener@5fe1ce85, org.springframework.boot.test.autoconfigure.web.servlet.MockMvcPrintOnlyOnFailureTestExecutionListener@604c5de8, org.springframework.boot.test.autoconfigure.web.servlet.WebDriverTestExecutionListener@37091312, org.springframework.boot.test.autoconfigure.webservices.client.MockWebServiceServerTestExecutionListener@66fdec9]
2021-11-05T18:20:43.777+0800 INFO Starting OrderControllerTest using Java 1.8.0_261 on jijithas-air.lan with PID 7789 (started by jijithaneervarathabhinandanakumar in /Users/jijithaneervarathabhinandanakumar/Documents/PizzaOrder)
2021-11-05T18:20:43.780+0800 INFO No active profile set, falling back to default profiles: default
2021-11-05T18:20:45.278+0800 INFO Initializing Spring TestDispatcherServlet ''
2021-11-05T18:20:45.279+0800 INFO Initializing Servlet ''
2021-11-05T18:20:45.281+0800 INFO Completed initialization in 2 ms
2021-11-05T18:20:45.317+0800 INFO Started OrderControllerTest in 1.792 seconds (JVM running for 3.072)
2021-11-05T18:20:45.545+0800 INFO add order init
2021-11-05T18:25:25.219+0800 INFO Starting PizzaOrderApplication using Java 1.8.0_261 on jijithas-air.lan with PID 8163 (/Users/jijithaneervarathabhinandanakumar/Documents/PizzaOrder/target/classes started by jijithaneervarathabhinandanakumar in /Users/jijithaneervarathabhinandanakumar/Documents/PizzaOrder)
2021-11-05T18:25:25.226+0800 INFO No active profile set, falling back to default profiles: default
2021-11-05T18:25:25.906+0800 INFO Bootstrapping Spring Data JPA repositories in DEFAULT mode.
2021-11-05T18:25:25.944+0800 INFO Finished Spring Data repository scanning in 31 ms. Found 1 JPA repository interfaces.
2021-11-05T18:25:26.394+0800 INFO Tomcat initialized with port(s): 8082 (http)
2021-11-05T18:25:26.402+0800 INFO Initializing ProtocolHandler ["http-nio-8082"]
2021-11-05T18:25:26.402+0800 INFO Starting service [Tomcat]
2021-11-05T18:25:26.402+0800 INFO Starting Servlet engine: [Apache Tomcat/9.0.54]
2021-11-05T18:25:26.463+0800 INFO Initializing Spring embedded WebApplicationContext
2021-11-05T18:25:26.464+0800 INFO Root WebApplicationContext: initialization completed in 1201 ms
2021-11-05T18:25:26.488+0800 INFO HikariPool-1 - Starting...
2021-11-05T18:25:26.647+0800 INFO HikariPool-1 - Start completed.
2021-11-05T18:25:26.654+0800 INFO H2 console available at '/h2-console'. Database available at 'jdbc:h2:file:./src/main/resources/db/orders'
2021-11-05T18:25:26.750+0800 INFO HHH000204: Processing PersistenceUnitInfo [name: default]
2021-11-05T18:25:26.788+0800 INFO HHH000412: Hibernate ORM core version 5.4.32.Final
2021-11-05T18:25:26.895+0800 INFO HCANN000001: Hibernate Commons Annotations {5.1.2.Final}
2021-11-05T18:25:26.989+0800 INFO HHH000400: Using dialect: org.hibernate.dialect.H2Dialect
2021-11-05T18:25:27.471+0800 INFO HHH000490: Using JtaPlatform implementation: [org.hibernate.engine.transaction.jta.platform.internal.NoJtaPlatform]
2021-11-05T18:25:27.480+0800 INFO Initialized JPA EntityManagerFactory for persistence unit 'default'
2021-11-05T18:25:27.916+0800 WARN spring.jpa.open-in-view is enabled by default. Therefore, database queries may be performed during view rendering. Explicitly configure spring.jpa.open-in-view to disable this warning
2021-11-05T18:25:28.312+0800 INFO Starting ProtocolHandler ["http-nio-8082"]
2021-11-05T18:25:28.329+0800 INFO Tomcat started on port(s): 8082 (http) with context path ''
2021-11-05T18:25:28.524+0800 INFO Started PizzaOrderApplication in 3.596 seconds (JVM running for 4.315)
2021-11-05T18:27:14.967+0800 INFO Initializing Spring DispatcherServlet 'dispatcherServlet'
2021-11-05T18:27:14.967+0800 INFO Initializing Servlet 'dispatcherServlet'
2021-11-05T18:27:14.969+0800 INFO Completed initialization in 2 ms
2021-11-05T18:27:15.035+0800 INFO add order init
2021-11-05T18:27:15.092+0800 INFO order created successfully!
2021-11-05T18:30:52.053+0800 INFO add order init
2021-11-05T18:30:52.055+0800 INFO order created successfully!
2021-11-05T18:45:56.211+0800 INFO Application shutdown requested.
2021-11-05T18:45:56.238+0800 INFO Closing JPA EntityManagerFactory for persistence unit 'default'
2021-11-05T18:45:56.239+0800 INFO HHH000477: Starting delayed evictData of schema as part of SessionFactory shut-down'
2021-11-05T18:45:56.517+0800 INFO HikariPool-1 - Shutdown initiated...
2021-11-05T18:45:56.524+0800 INFO HikariPool-1 - Shutdown completed.
2021-11-05T18:48:21.613+0800 INFO Neither @ContextConfiguration nor @ContextHierarchy found for test class [pizza.order.test.OrderControllerTest], using SpringBootContextLoader
2021-11-05T18:48:21.620+0800 INFO Could not detect default resource locations for test class [pizza.order.test.OrderControllerTest]: no resource found for suffixes {-context.xml, Context.groovy}.
2021-11-05T18:48:21.621+0800 INFO Could not detect default configuration classes for test class [pizza.order.test.OrderControllerTest]: OrderControllerTest does not declare any static, non-private, non-final, nested classes annotated with @Configuration.
2021-11-05T18:48:21.727+0800 INFO Found @SpringBootConfiguration pizza.order.PizzaOrderApplication for test class pizza.order.test.OrderControllerTest
2021-11-05T18:48:21.730+0800 INFO Loaded default TestExecutionListener class names from location [META-INF/spring.factories]: [org.springframework.boot.test.mock.mockito.MockitoTestExecutionListener, org.springframework.boot.test.mock.mockito.ResetMocksTestExecutionListener, org.springframework.boot.test.autoconfigure.restdocs.RestDocsTestExecutionListener, org.springframework.boot.test.autoconfigure.web.client.MockRestServiceServerResetTestExecutionListener, org.springframework.boot.test.autoconfigure.web.servlet.MockMvcPrintOnlyOnFailureTestExecutionListener, org.springframework.boot.test.autoconfigure.web.servlet.WebDriverTestExecutionListener, org.springframework.boot.test.autoconfigure.webservices.client.MockWebServiceServerTestExecutionListener, org.springframework.test.context.web.ServletTestExecutionListener, org.springframework.test.context.support.DirtiesContextBeforeModesTestExecutionListener, org.springframework.test.context.event.ApplicationEventsTestExecutionListener, org.springframework.test.context.support.DependencyInjectionTestExecutionListener, org.springframework.test.context.support.DirtiesContextTestExecutionListener, org.springframework.test.context.transaction.TransactionalTestExecutionListener, org.springframework.test.context.jdbc.SqlScriptsTestExecutionListener, org.springframework.test.context.event.EventPublishingTestExecutionListener, org.springframework.security.test.context.support.WithSecurityContextTestExecutionListener, org.springframework.security.test.context.support.ReactorContextTestExecutionListener]
2021-11-05T18:48:21.744+0800 INFO Using TestExecutionListeners: [org.springframework.test.context.web.ServletTestExecutionListener@13f95696, org.springframework.test.context.support.DirtiesContextBeforeModesTestExecutionListener@cd1d761, org.springframework.test.context.event.ApplicationEventsTestExecutionListener@68be8808, org.springframework.boot.test.mock.mockito.MockitoTestExecutionListener@32193bea, org.springframework.boot.test.autoconfigure.SpringBootDependencyInjectionTestExecutionListener@6b8d96d9, org.springframework.test.context.support.DirtiesContextTestExecutionListener@69653e16, org.springframework.test.context.transaction.TransactionalTestExecutionListener@758705fa, org.springframework.test.context.jdbc.SqlScriptsTestExecutionListener@ebaa6cb, org.springframework.test.context.event.EventPublishingTestExecutionListener@906d29b, org.springframework.security.test.context.support.WithSecurityContextTestExecutionListener@49d3c823, org.springframework.security.test.context.support.ReactorContextTestExecutionListener@436bc36, org.springframework.boot.test.mock.mockito.ResetMocksTestExecutionListener@5fe1ce85, org.springframework.boot.test.autoconfigure.restdocs.RestDocsTestExecutionListener@604c5de8, org.springframework.boot.test.autoconfigure.web.client.MockRestServiceServerResetTestExecutionListener@37091312, org.springframework.boot.test.autoconfigure.web.servlet.MockMvcPrintOnlyOnFailureTestExecutionListener@66fdec9, org.springframework.boot.test.autoconfigure.web.servlet.WebDriverTestExecutionListener@57abad67, org.springframework.boot.test.autoconfigure.webservices.client.MockWebServiceServerTestExecutionListener@550a1967]
2021-11-05T18:48:22.165+0800 INFO Starting OrderControllerTest using Java 1.8.0_261 on jijithas-air.lan with PID 9902 (started by jijithaneervarathabhinandanakumar in /Users/jijithaneervarathabhinandanakumar/Documents/PizzaOrder)
2021-11-05T18:48:22.168+0800 INFO No active profile set, falling back to default profiles: default
2021-11-05T18:48:23.531+0800 INFO Initializing Spring TestDispatcherServlet ''
2021-11-05T18:48:23.532+0800 INFO Initializing Servlet ''
2021-11-05T18:48:23.533+0800 INFO Completed initialization in 1 ms
2021-11-05T18:48:23.562+0800 INFO Started OrderControllerTest in 1.646 seconds (JVM running for 2.902)
2021-11-05T18:48:23.772+0800 INFO add order init
2021-11-05T18:48:23.773+0800 INFO validate order details init
2021-11-05T18:48:23.783+0800 INFO validate order details: quantity is invalid
2021-11-05T18:49:20.723+0800 INFO Neither @ContextConfiguration nor @ContextHierarchy found for test class [pizza.order.test.OrderControllerTest], using SpringBootContextLoader
2021-11-05T18:49:20.730+0800 INFO Could not detect default resource locations for test class [pizza.order.test.OrderControllerTest]: no resource found for suffixes {-context.xml, Context.groovy}.
2021-11-05T18:49:20.730+0800 INFO Could not detect default configuration classes for test class [pizza.order.test.OrderControllerTest]: OrderControllerTest does not declare any static, non-private, non-final, nested classes annotated with @Configuration.
2021-11-05T18:49:20.837+0800 INFO Found @SpringBootConfiguration pizza.order.PizzaOrderApplication for test class pizza.order.test.OrderControllerTest
2021-11-05T18:49:20.840+0800 INFO Loaded default TestExecutionListener class names from location [META-INF/spring.factories]: [org.springframework.boot.test.mock.mockito.MockitoTestExecutionListener, org.springframework.boot.test.mock.mockito.ResetMocksTestExecutionListener, org.springframework.boot.test.autoconfigure.restdocs.RestDocsTestExecutionListener, org.springframework.boot.test.autoconfigure.web.client.MockRestServiceServerResetTestExecutionListener, org.springframework.boot.test.autoconfigure.web.servlet.MockMvcPrintOnlyOnFailureTestExecutionListener, org.springframework.boot.test.autoconfigure.web.servlet.WebDriverTestExecutionListener, org.springframework.boot.test.autoconfigure.webservices.client.MockWebServiceServerTestExecutionListener, org.springframework.test.context.web.ServletTestExecutionListener, org.springframework.test.context.support.DirtiesContextBeforeModesTestExecutionListener, org.springframework.test.context.event.ApplicationEventsTestExecutionListener, org.springframework.test.context.support.DependencyInjectionTestExecutionListener, org.springframework.test.context.support.DirtiesContextTestExecutionListener, org.springframework.test.context.transaction.TransactionalTestExecutionListener, org.springframework.test.context.jdbc.SqlScriptsTestExecutionListener, org.springframework.test.context.event.EventPublishingTestExecutionListener, org.springframework.security.test.context.support.WithSecurityContextTestExecutionListener, org.springframework.security.test.context.support.ReactorContextTestExecutionListener]
2021-11-05T18:49:20.854+0800 INFO Using TestExecutionListeners: [org.springframework.test.context.web.ServletTestExecutionListener@13f95696, org.springframework.test.context.support.DirtiesContextBeforeModesTestExecutionListener@cd1d761, org.springframework.test.context.event.ApplicationEventsTestExecutionListener@68be8808, org.springframework.boot.test.mock.mockito.MockitoTestExecutionListener@32193bea, org.springframework.boot.test.autoconfigure.SpringBootDependencyInjectionTestExecutionListener@6b8d96d9, org.springframework.test.context.support.DirtiesContextTestExecutionListener@69653e16, org.springframework.test.context.transaction.TransactionalTestExecutionListener@758705fa, org.springframework.test.context.jdbc.SqlScriptsTestExecutionListener@ebaa6cb, org.springframework.test.context.event.EventPublishingTestExecutionListener@906d29b, org.springframework.security.test.context.support.WithSecurityContextTestExecutionListener@49d3c823, org.springframework.security.test.context.support.ReactorContextTestExecutionListener@436bc36, org.springframework.boot.test.mock.mockito.ResetMocksTestExecutionListener@5fe1ce85, org.springframework.boot.test.autoconfigure.restdocs.RestDocsTestExecutionListener@604c5de8, org.springframework.boot.test.autoconfigure.web.client.MockRestServiceServerResetTestExecutionListener@37091312, org.springframework.boot.test.autoconfigure.web.servlet.MockMvcPrintOnlyOnFailureTestExecutionListener@66fdec9, org.springframework.boot.test.autoconfigure.web.servlet.WebDriverTestExecutionListener@57abad67, org.springframework.boot.test.autoconfigure.webservices.client.MockWebServiceServerTestExecutionListener@550a1967]
2021-11-05T18:49:21.278+0800 INFO Starting OrderControllerTest using Java 1.8.0_261 on jijithas-air.lan with PID 9978 (started by jijithaneervarathabhinandanakumar in /Users/jijithaneervarathabhinandanakumar/Documents/PizzaOrder)
2021-11-05T18:49:21.281+0800 INFO No active profile set, falling back to default profiles: default
2021-11-05T18:49:22.703+0800 INFO Initializing Spring TestDispatcherServlet ''
2021-11-05T18:49:22.703+0800 INFO Initializing Servlet ''
2021-11-05T18:49:22.705+0800 INFO Completed initialization in 2 ms
2021-11-05T18:49:22.732+0800 INFO Started OrderControllerTest in 1.706 seconds (JVM running for 2.913)
2021-11-05T18:49:22.928+0800 INFO add order init
2021-11-05T18:49:22.929+0800 INFO validate order details init
2021-11-05T18:49:22.939+0800 INFO validate order details: quantity is invalid
2021-11-05T18:49:59.987+0800 INFO Neither @ContextConfiguration nor @ContextHierarchy found for test class [pizza.order.test.OrderControllerTest], using SpringBootContextLoader
2021-11-05T18:50:00.002+0800 INFO Could not detect default resource locations for test class [pizza.order.test.OrderControllerTest]: no resource found for suffixes {-context.xml, Context.groovy}.
2021-11-05T18:50:00.004+0800 INFO Could not detect default configuration classes for test class [pizza.order.test.OrderControllerTest]: OrderControllerTest does not declare any static, non-private, non-final, nested classes annotated with @Configuration.
2021-11-05T18:50:00.202+0800 INFO Found @SpringBootConfiguration pizza.order.PizzaOrderApplication for test class pizza.order.test.OrderControllerTest
2021-11-05T18:50:00.207+0800 INFO Loaded default TestExecutionListener class names from location [META-INF/spring.factories]: [org.springframework.boot.test.mock.mockito.MockitoTestExecutionListener, org.springframework.boot.test.mock.mockito.ResetMocksTestExecutionListener, org.springframework.boot.test.autoconfigure.restdocs.RestDocsTestExecutionListener, org.springframework.boot.test.autoconfigure.web.client.MockRestServiceServerResetTestExecutionListener, org.springframework.boot.test.autoconfigure.web.servlet.MockMvcPrintOnlyOnFailureTestExecutionListener, org.springframework.boot.test.autoconfigure.web.servlet.WebDriverTestExecutionListener, org.springframework.boot.test.autoconfigure.webservices.client.MockWebServiceServerTestExecutionListener, org.springframework.test.context.web.ServletTestExecutionListener, org.springframework.test.context.support.DirtiesContextBeforeModesTestExecutionListener, org.springframework.test.context.event.ApplicationEventsTestExecutionListener, org.springframework.test.context.support.DependencyInjectionTestExecutionListener, org.springframework.test.context.support.DirtiesContextTestExecutionListener, org.springframework.test.context.transaction.TransactionalTestExecutionListener, org.springframework.test.context.jdbc.SqlScriptsTestExecutionListener, org.springframework.test.context.event.EventPublishingTestExecutionListener, org.springframework.security.test.context.support.WithSecurityContextTestExecutionListener, org.springframework.security.test.context.support.ReactorContextTestExecutionListener]
2021-11-05T18:50:00.284+0800 INFO Using TestExecutionListeners: [org.springframework.test.context.web.ServletTestExecutionListener@13cd7ea5, org.springframework.test.context.support.DirtiesContextBeforeModesTestExecutionListener@102d92c4, org.springframework.test.context.event.ApplicationEventsTestExecutionListener@2b97cc1f, org.springframework.boot.test.mock.mockito.MockitoTestExecutionListener@60723d6a, org.springframework.boot.test.autoconfigure.SpringBootDependencyInjectionTestExecutionListener@18324f97, org.springframework.test.context.support.DirtiesContextTestExecutionListener@64f555e7, org.springframework.test.context.transaction.TransactionalTestExecutionListener@71178a52, org.springframework.test.context.jdbc.SqlScriptsTestExecutionListener@ff6077, org.springframework.test.context.event.EventPublishingTestExecutionListener@abbc908, org.springframework.security.test.context.support.WithSecurityContextTestExecutionListener@44afefd5, org.springframework.security.test.context.support.ReactorContextTestExecutionListener@9a7a808, org.springframework.boot.test.mock.mockito.ResetMocksTestExecutionListener@72209d93, org.springframework.boot.test.autoconfigure.restdocs.RestDocsTestExecutionListener@2687f956, org.springframework.boot.test.autoconfigure.web.client.MockRestServiceServerResetTestExecutionListener@1ded7b14, org.springframework.boot.test.autoconfigure.web.servlet.MockMvcPrintOnlyOnFailureTestExecutionListener@29be7749, org.springframework.boot.test.autoconfigure.web.servlet.WebDriverTestExecutionListener@5f84abe8, org.springframework.boot.test.autoconfigure.webservices.client.MockWebServiceServerTestExecutionListener@4650a407]
2021-11-05T18:50:01.048+0800 INFO Starting OrderControllerTest using Java 1.8.0_261 on jijithas-air.lan with PID 10026 (started by jijithaneervarathabhinandanakumar in /Users/jijithaneervarathabhinandanakumar/Documents/PizzaOrder)
2021-11-05T18:50:01.055+0800 INFO No active profile set, falling back to default profiles: default
2021-11-05T18:50:03.690+0800 INFO Initializing Spring TestDispatcherServlet ''
2021-11-05T18:50:03.691+0800 INFO Initializing Servlet ''
2021-11-05T18:50:03.693+0800 INFO Completed initialization in 1 ms
2021-11-05T18:50:03.740+0800 INFO Started OrderControllerTest in 3.167 seconds (JVM running for 5.748)
2021-11-05T18:50:04.055+0800 INFO add order init
2021-11-05T18:50:04.056+0800 INFO validate order details init
2021-11-05T18:50:04.068+0800 INFO validate order details: quantity is invalid
2021-11-05T18:50:28.669+0800 INFO Neither @ContextConfiguration nor @ContextHierarchy found for test class [pizza.order.test.OrderControllerTest], using SpringBootContextLoader
2021-11-05T18:50:28.676+0800 INFO Could not detect default resource locations for test class [pizza.order.test.OrderControllerTest]: no resource found for suffixes {-context.xml, Context.groovy}.
2021-11-05T18:50:28.677+0800 INFO Could not detect default configuration classes for test class [pizza.order.test.OrderControllerTest]: OrderControllerTest does not declare any static, non-private, non-final, nested classes annotated with @Configuration.
2021-11-05T18:50:28.778+0800 INFO Found @SpringBootConfiguration pizza.order.PizzaOrderApplication for test class pizza.order.test.OrderControllerTest
2021-11-05T18:50:28.781+0800 INFO Loaded default TestExecutionListener class names from location [META-INF/spring.factories]: [org.springframework.boot.test.mock.mockito.MockitoTestExecutionListener, org.springframework.boot.test.mock.mockito.ResetMocksTestExecutionListener, org.springframework.boot.test.autoconfigure.restdocs.RestDocsTestExecutionListener, org.springframework.boot.test.autoconfigure.web.client.MockRestServiceServerResetTestExecutionListener, org.springframework.boot.test.autoconfigure.web.servlet.MockMvcPrintOnlyOnFailureTestExecutionListener, org.springframework.boot.test.autoconfigure.web.servlet.WebDriverTestExecutionListener, org.springframework.boot.test.autoconfigure.webservices.client.MockWebServiceServerTestExecutionListener, org.springframework.test.context.web.ServletTestExecutionListener, org.springframework.test.context.support.DirtiesContextBeforeModesTestExecutionListener, org.springframework.test.context.event.ApplicationEventsTestExecutionListener, org.springframework.test.context.support.DependencyInjectionTestExecutionListener, org.springframework.test.context.support.DirtiesContextTestExecutionListener, org.springframework.test.context.transaction.TransactionalTestExecutionListener, org.springframework.test.context.jdbc.SqlScriptsTestExecutionListener, org.springframework.test.context.event.EventPublishingTestExecutionListener, org.springframework.security.test.context.support.WithSecurityContextTestExecutionListener, org.springframework.security.test.context.support.ReactorContextTestExecutionListener]
2021-11-05T18:50:28.797+0800 INFO Using TestExecutionListeners: [org.springframework.test.context.web.ServletTestExecutionListener@13f95696, org.springframework.test.context.support.DirtiesContextBeforeModesTestExecutionListener@cd1d761, org.springframework.test.context.event.ApplicationEventsTestExecutionListener@68be8808, org.springframework.boot.test.mock.mockito.MockitoTestExecutionListener@32193bea, org.springframework.boot.test.autoconfigure.SpringBootDependencyInjectionTestExecutionListener@6b8d96d9, org.springframework.test.context.support.DirtiesContextTestExecutionListener@69653e16, org.springframework.test.context.transaction.TransactionalTestExecutionListener@758705fa, org.springframework.test.context.jdbc.SqlScriptsTestExecutionListener@ebaa6cb, org.springframework.test.context.event.EventPublishingTestExecutionListener@906d29b, org.springframework.security.test.context.support.WithSecurityContextTestExecutionListener@49d3c823, org.springframework.security.test.context.support.ReactorContextTestExecutionListener@436bc36, org.springframework.boot.test.mock.mockito.ResetMocksTestExecutionListener@5fe1ce85, org.springframework.boot.test.autoconfigure.restdocs.RestDocsTestExecutionListener@604c5de8, org.springframework.boot.test.autoconfigure.web.client.MockRestServiceServerResetTestExecutionListener@37091312, org.springframework.boot.test.autoconfigure.web.servlet.MockMvcPrintOnlyOnFailureTestExecutionListener@66fdec9, org.springframework.boot.test.autoconfigure.web.servlet.WebDriverTestExecutionListener@57abad67, org.springframework.boot.test.autoconfigure.webservices.client.MockWebServiceServerTestExecutionListener@550a1967]
2021-11-05T18:50:29.253+0800 INFO Starting OrderControllerTest using Java 1.8.0_261 on jijithas-air.lan with PID 10065 (started by jijithaneervarathabhinandanakumar in /Users/jijithaneervarathabhinandanakumar/Documents/PizzaOrder)
2021-11-05T18:50:29.257+0800 INFO No active profile set, falling back to default profiles: default
2021-11-05T18:50:30.758+0800 INFO Initializing Spring TestDispatcherServlet ''
2021-11-05T18:50:30.758+0800 INFO Initializing Servlet ''
2021-11-05T18:50:30.759+0800 INFO Completed initialization in 1 ms
2021-11-05T18:50:30.793+0800 INFO Started OrderControllerTest in 1.815 seconds (JVM running for 3.067)
2021-11-05T18:50:31.035+0800 INFO add order init
2021-11-05T18:50:31.036+0800 INFO validate order details init
2021-11-05T18:50:31.045+0800 INFO validate order details: quantity is invalid
2021-11-05T18:51:32.139+0800 INFO Neither @ContextConfiguration nor @ContextHierarchy found for test class [pizza.order.test.OrderControllerTest], using SpringBootContextLoader
2021-11-05T18:51:32.146+0800 INFO Could not detect default resource locations for test class [pizza.order.test.OrderControllerTest]: no resource found for suffixes {-context.xml, Context.groovy}.
2021-11-05T18:51:32.147+0800 INFO Could not detect default configuration classes for test class [pizza.order.test.OrderControllerTest]: OrderControllerTest does not declare any static, non-private, non-final, nested classes annotated with @Configuration.
2021-11-05T18:51:32.258+0800 INFO Found @SpringBootConfiguration pizza.order.PizzaOrderApplication for test class pizza.order.test.OrderControllerTest
2021-11-05T18:51:32.260+0800 INFO Loaded default TestExecutionListener class names from location [META-INF/spring.factories]: [org.springframework.boot.test.mock.mockito.MockitoTestExecutionListener, org.springframework.boot.test.mock.mockito.ResetMocksTestExecutionListener, org.springframework.boot.test.autoconfigure.restdocs.RestDocsTestExecutionListener, org.springframework.boot.test.autoconfigure.web.client.MockRestServiceServerResetTestExecutionListener, org.springframework.boot.test.autoconfigure.web.servlet.MockMvcPrintOnlyOnFailureTestExecutionListener, org.springframework.boot.test.autoconfigure.web.servlet.WebDriverTestExecutionListener, org.springframework.boot.test.autoconfigure.webservices.client.MockWebServiceServerTestExecutionListener, org.springframework.test.context.web.ServletTestExecutionListener, org.springframework.test.context.support.DirtiesContextBeforeModesTestExecutionListener, org.springframework.test.context.event.ApplicationEventsTestExecutionListener, org.springframework.test.context.support.DependencyInjectionTestExecutionListener, org.springframework.test.context.support.DirtiesContextTestExecutionListener, org.springframework.test.context.transaction.TransactionalTestExecutionListener, org.springframework.test.context.jdbc.SqlScriptsTestExecutionListener, org.springframework.test.context.event.EventPublishingTestExecutionListener, org.springframework.security.test.context.support.WithSecurityContextTestExecutionListener, org.springframework.security.test.context.support.ReactorContextTestExecutionListener]
2021-11-05T18:51:32.274+0800 INFO Using TestExecutionListeners: [org.springframework.test.context.web.ServletTestExecutionListener@13f95696, org.springframework.test.context.support.DirtiesContextBeforeModesTestExecutionListener@cd1d761, org.springframework.test.context.event.ApplicationEventsTestExecutionListener@68be8808, org.springframework.boot.test.mock.mockito.MockitoTestExecutionListener@32193bea, org.springframework.boot.test.autoconfigure.SpringBootDependencyInjectionTestExecutionListener@6b8d96d9, org.springframework.test.context.support.DirtiesContextTestExecutionListener@69653e16, org.springframework.test.context.transaction.TransactionalTestExecutionListener@758705fa, org.springframework.test.context.jdbc.SqlScriptsTestExecutionListener@ebaa6cb, org.springframework.test.context.event.EventPublishingTestExecutionListener@906d29b, org.springframework.security.test.context.support.WithSecurityContextTestExecutionListener@49d3c823, org.springframework.security.test.context.support.ReactorContextTestExecutionListener@436bc36, org.springframework.boot.test.mock.mockito.ResetMocksTestExecutionListener@5fe1ce85, org.springframework.boot.test.autoconfigure.restdocs.RestDocsTestExecutionListener@604c5de8, org.springframework.boot.test.autoconfigure.web.client.MockRestServiceServerResetTestExecutionListener@37091312, org.springframework.boot.test.autoconfigure.web.servlet.MockMvcPrintOnlyOnFailureTestExecutionListener@66fdec9, org.springframework.boot.test.autoconfigure.web.servlet.WebDriverTestExecutionListener@57abad67, org.springframework.boot.test.autoconfigure.webservices.client.MockWebServiceServerTestExecutionListener@550a1967]
2021-11-05T18:51:32.702+0800 INFO Starting OrderControllerTest using Java 1.8.0_261 on jijithas-air.lan with PID 10145 (started by jijithaneervarathabhinandanakumar in /Users/jijithaneervarathabhinandanakumar/Documents/PizzaOrder)
2021-11-05T18:51:32.706+0800 INFO No active profile set, falling back to default profiles: default
2021-11-05T18:51:34.196+0800 INFO Initializing Spring TestDispatcherServlet ''
2021-11-05T18:51:34.196+0800 INFO Initializing Servlet ''
2021-11-05T18:51:34.198+0800 INFO Completed initialization in 1 ms
2021-11-05T18:51:34.228+0800 INFO Started OrderControllerTest in 1.783 seconds (JVM running for 2.983)
2021-11-05T18:51:34.472+0800 INFO add order init
2021-11-05T18:51:34.473+0800 INFO validate order details init
2021-11-05T18:51:34.484+0800 INFO validate order details: quantity is invalid
2021-11-05T18:51:54.085+0800 INFO Neither @ContextConfiguration nor @ContextHierarchy found for test class [pizza.order.test.OrderControllerTest], using SpringBootContextLoader
2021-11-05T18:51:54.093+0800 INFO Could not detect default resource locations for test class [pizza.order.test.OrderControllerTest]: no resource found for suffixes {-context.xml, Context.groovy}.
2021-11-05T18:51:54.094+0800 INFO Could not detect default configuration classes for test class [pizza.order.test.OrderControllerTest]: OrderControllerTest does not declare any static, non-private, non-final, nested classes annotated with @Configuration.
2021-11-05T18:51:54.210+0800 INFO Found @SpringBootConfiguration pizza.order.PizzaOrderApplication for test class pizza.order.test.OrderControllerTest
2021-11-05T18:51:54.212+0800 INFO Loaded default TestExecutionListener class names from location [META-INF/spring.factories]: [org.springframework.boot.test.mock.mockito.MockitoTestExecutionListener, org.springframework.boot.test.mock.mockito.ResetMocksTestExecutionListener, org.springframework.boot.test.autoconfigure.restdocs.RestDocsTestExecutionListener, org.springframework.boot.test.autoconfigure.web.client.MockRestServiceServerResetTestExecutionListener, org.springframework.boot.test.autoconfigure.web.servlet.MockMvcPrintOnlyOnFailureTestExecutionListener, org.springframework.boot.test.autoconfigure.web.servlet.WebDriverTestExecutionListener, org.springframework.boot.test.autoconfigure.webservices.client.MockWebServiceServerTestExecutionListener, org.springframework.test.context.web.ServletTestExecutionListener, org.springframework.test.context.support.DirtiesContextBeforeModesTestExecutionListener, org.springframework.test.context.event.ApplicationEventsTestExecutionListener, org.springframework.test.context.support.DependencyInjectionTestExecutionListener, org.springframework.test.context.support.DirtiesContextTestExecutionListener, org.springframework.test.context.transaction.TransactionalTestExecutionListener, org.springframework.test.context.jdbc.SqlScriptsTestExecutionListener, org.springframework.test.context.event.EventPublishingTestExecutionListener, org.springframework.security.test.context.support.WithSecurityContextTestExecutionListener, org.springframework.security.test.context.support.ReactorContextTestExecutionListener]
2021-11-05T18:51:54.240+0800 INFO Using TestExecutionListeners: [org.springframework.test.context.web.ServletTestExecutionListener@13f95696, org.springframework.test.context.support.DirtiesContextBeforeModesTestExecutionListener@cd1d761, org.springframework.test.context.event.ApplicationEventsTestExecutionListener@68be8808, org.springframework.boot.test.mock.mockito.MockitoTestExecutionListener@32193bea, org.springframework.boot.test.autoconfigure.SpringBootDependencyInjectionTestExecutionListener@6b8d96d9, org.springframework.test.context.support.DirtiesContextTestExecutionListener@69653e16, org.springframework.test.context.transaction.TransactionalTestExecutionListener@758705fa, org.springframework.test.context.jdbc.SqlScriptsTestExecutionListener@ebaa6cb, org.springframework.test.context.event.EventPublishingTestExecutionListener@906d29b, org.springframework.security.test.context.support.WithSecurityContextTestExecutionListener@49d3c823, org.springframework.security.test.context.support.ReactorContextTestExecutionListener@436bc36, org.springframework.boot.test.mock.mockito.ResetMocksTestExecutionListener@5fe1ce85, org.springframework.boot.test.autoconfigure.restdocs.RestDocsTestExecutionListener@604c5de8, org.springframework.boot.test.autoconfigure.web.client.MockRestServiceServerResetTestExecutionListener@37091312, org.springframework.boot.test.autoconfigure.web.servlet.MockMvcPrintOnlyOnFailureTestExecutionListener@66fdec9, org.springframework.boot.test.autoconfigure.web.servlet.WebDriverTestExecutionListener@57abad67, org.springframework.boot.test.autoconfigure.webservices.client.MockWebServiceServerTestExecutionListener@550a1967]
2021-11-05T18:51:55.851+0800 INFO Starting OrderControllerTest using Java 1.8.0_261 on jijithas-air.lan with PID 10171 (started by jijithaneervarathabhinandanakumar in /Users/jijithaneervarathabhinandanakumar/Documents/PizzaOrder)
2021-11-05T18:51:55.858+0800 INFO No active profile set, falling back to default profiles: default
2021-11-05T18:51:57.643+0800 INFO Initializing Spring TestDispatcherServlet ''
2021-11-05T18:51:57.644+0800 INFO Initializing Servlet ''
2021-11-05T18:51:57.645+0800 INFO Completed initialization in 1 ms
2021-11-05T18:51:57.676+0800 INFO Started OrderControllerTest in 2.988 seconds (JVM running for 4.793)
2021-11-05T18:51:57.899+0800 INFO add order init
2021-11-05T18:51:57.900+0800 INFO validate order details init
2021-11-05T18:51:57.911+0800 INFO validate order details: quantity is invalid
2021-11-05T18:52:46.099+0800 INFO Neither @ContextConfiguration nor @ContextHierarchy found for test class [pizza.order.test.OrderControllerTest], using SpringBootContextLoader
2021-11-05T18:52:46.106+0800 INFO Could not detect default resource locations for test class [pizza.order.test.OrderControllerTest]: no resource found for suffixes {-context.xml, Context.groovy}.
2021-11-05T18:52:46.106+0800 INFO Could not detect default configuration classes for test class [pizza.order.test.OrderControllerTest]: OrderControllerTest does not declare any static, non-private, non-final, nested classes annotated with @Configuration.
2021-11-05T18:52:46.210+0800 INFO Found @SpringBootConfiguration pizza.order.PizzaOrderApplication for test class pizza.order.test.OrderControllerTest
2021-11-05T18:52:46.213+0800 INFO Loaded default TestExecutionListener class names from location [META-INF/spring.factories]: [org.springframework.boot.test.mock.mockito.MockitoTestExecutionListener, org.springframework.boot.test.mock.mockito.ResetMocksTestExecutionListener, org.springframework.boot.test.autoconfigure.restdocs.RestDocsTestExecutionListener, org.springframework.boot.test.autoconfigure.web.client.MockRestServiceServerResetTestExecutionListener, org.springframework.boot.test.autoconfigure.web.servlet.MockMvcPrintOnlyOnFailureTestExecutionListener, org.springframework.boot.test.autoconfigure.web.servlet.WebDriverTestExecutionListener, org.springframework.boot.test.autoconfigure.webservices.client.MockWebServiceServerTestExecutionListener, org.springframework.test.context.web.ServletTestExecutionListener, org.springframework.test.context.support.DirtiesContextBeforeModesTestExecutionListener, org.springframework.test.context.event.ApplicationEventsTestExecutionListener, org.springframework.test.context.support.DependencyInjectionTestExecutionListener, org.springframework.test.context.support.DirtiesContextTestExecutionListener, org.springframework.test.context.transaction.TransactionalTestExecutionListener, org.springframework.test.context.jdbc.SqlScriptsTestExecutionListener, org.springframework.test.context.event.EventPublishingTestExecutionListener, org.springframework.security.test.context.support.WithSecurityContextTestExecutionListener, org.springframework.security.test.context.support.ReactorContextTestExecutionListener]
2021-11-05T18:52:46.228+0800 INFO Using TestExecutionListeners: [org.springframework.test.context.web.ServletTestExecutionListener@13f95696, org.springframework.test.context.support.DirtiesContextBeforeModesTestExecutionListener@cd1d761, org.springframework.test.context.event.ApplicationEventsTestExecutionListener@68be8808, org.springframework.boot.test.mock.mockito.MockitoTestExecutionListener@32193bea, org.springframework.boot.test.autoconfigure.SpringBootDependencyInjectionTestExecutionListener@6b8d96d9, org.springframework.test.context.support.DirtiesContextTestExecutionListener@69653e16, org.springframework.test.context.transaction.TransactionalTestExecutionListener@758705fa, org.springframework.test.context.jdbc.SqlScriptsTestExecutionListener@ebaa6cb, org.springframework.test.context.event.EventPublishingTestExecutionListener@906d29b, org.springframework.security.test.context.support.WithSecurityContextTestExecutionListener@49d3c823, org.springframework.security.test.context.support.ReactorContextTestExecutionListener@436bc36, org.springframework.boot.test.mock.mockito.ResetMocksTestExecutionListener@5fe1ce85, org.springframework.boot.test.autoconfigure.restdocs.RestDocsTestExecutionListener@604c5de8, org.springframework.boot.test.autoconfigure.web.client.MockRestServiceServerResetTestExecutionListener@37091312, org.springframework.boot.test.autoconfigure.web.servlet.MockMvcPrintOnlyOnFailureTestExecutionListener@66fdec9, org.springframework.boot.test.autoconfigure.web.servlet.WebDriverTestExecutionListener@57abad67, org.springframework.boot.test.autoconfigure.webservices.client.MockWebServiceServerTestExecutionListener@550a1967]
2021-11-05T18:52:46.650+0800 INFO Starting OrderControllerTest using Java 1.8.0_261 on jijithas-air.lan with PID 10242 (started by jijithaneervarathabhinandanakumar in /Users/jijithaneervarathabhinandanakumar/Documents/PizzaOrder)
2021-11-05T18:52:46.653+0800 INFO No active profile set, falling back to default profiles: default
2021-11-05T18:52:48.044+0800 INFO Initializing Spring TestDispatcherServlet ''
2021-11-05T18:52:48.045+0800 INFO Initializing Servlet ''
2021-11-05T18:52:48.046+0800 INFO Completed initialization in 1 ms
2021-11-05T18:52:48.079+0800 INFO Started OrderControllerTest in 1.682 seconds (JVM running for 2.885)
2021-11-05T18:52:48.304+0800 INFO add order init
2021-11-05T18:52:48.305+0800 INFO validate order details init
2021-11-05T18:52:48.315+0800 INFO validate order details: quantity is invalid
2021-11-05T18:55:14.398+0800 INFO Neither @ContextConfiguration nor @ContextHierarchy found for test class [pizza.order.test.OrderControllerTest], using SpringBootContextLoader
2021-11-05T18:55:14.405+0800 INFO Could not detect default resource locations for test class [pizza.order.test.OrderControllerTest]: no resource found for suffixes {-context.xml, Context.groovy}.
2021-11-05T18:55:14.406+0800 INFO Could not detect default configuration classes for test class [pizza.order.test.OrderControllerTest]: OrderControllerTest does not declare any static, non-private, non-final, nested classes annotated with @Configuration.
2021-11-05T18:55:14.511+0800 INFO Found @SpringBootConfiguration pizza.order.PizzaOrderApplication for test class pizza.order.test.OrderControllerTest
2021-11-05T18:55:14.514+0800 INFO Loaded default TestExecutionListener class names from location [META-INF/spring.factories]: [org.springframework.boot.test.mock.mockito.MockitoTestExecutionListener, org.springframework.boot.test.mock.mockito.ResetMocksTestExecutionListener, org.springframework.boot.test.autoconfigure.restdocs.RestDocsTestExecutionListener, org.springframework.boot.test.autoconfigure.web.client.MockRestServiceServerResetTestExecutionListener, org.springframework.boot.test.autoconfigure.web.servlet.MockMvcPrintOnlyOnFailureTestExecutionListener, org.springframework.boot.test.autoconfigure.web.servlet.WebDriverTestExecutionListener, org.springframework.boot.test.autoconfigure.webservices.client.MockWebServiceServerTestExecutionListener, org.springframework.test.context.web.ServletTestExecutionListener, org.springframework.test.context.support.DirtiesContextBeforeModesTestExecutionListener, org.springframework.test.context.event.ApplicationEventsTestExecutionListener, org.springframework.test.context.support.DependencyInjectionTestExecutionListener, org.springframework.test.context.support.DirtiesContextTestExecutionListener, org.springframework.test.context.transaction.TransactionalTestExecutionListener, org.springframework.test.context.jdbc.SqlScriptsTestExecutionListener, org.springframework.test.context.event.EventPublishingTestExecutionListener, org.springframework.security.test.context.support.WithSecurityContextTestExecutionListener, org.springframework.security.test.context.support.ReactorContextTestExecutionListener]
2021-11-05T18:55:14.528+0800 INFO Using TestExecutionListeners: [org.springframework.test.context.web.ServletTestExecutionListener@13f95696, org.springframework.test.context.support.DirtiesContextBeforeModesTestExecutionListener@cd1d761, org.springframework.test.context.event.ApplicationEventsTestExecutionListener@68be8808, org.springframework.boot.test.mock.mockito.MockitoTestExecutionListener@32193bea, org.springframework.boot.test.autoconfigure.SpringBootDependencyInjectionTestExecutionListener@6b8d96d9, org.springframework.test.context.support.DirtiesContextTestExecutionListener@69653e16, org.springframework.test.context.transaction.TransactionalTestExecutionListener@758705fa, org.springframework.test.context.jdbc.SqlScriptsTestExecutionListener@ebaa6cb, org.springframework.test.context.event.EventPublishingTestExecutionListener@906d29b, org.springframework.security.test.context.support.WithSecurityContextTestExecutionListener@49d3c823, org.springframework.security.test.context.support.ReactorContextTestExecutionListener@436bc36, org.springframework.boot.test.mock.mockito.ResetMocksTestExecutionListener@5fe1ce85, org.springframework.boot.test.autoconfigure.restdocs.RestDocsTestExecutionListener@604c5de8, org.springframework.boot.test.autoconfigure.web.client.MockRestServiceServerResetTestExecutionListener@37091312, org.springframework.boot.test.autoconfigure.web.servlet.MockMvcPrintOnlyOnFailureTestExecutionListener@66fdec9, org.springframework.boot.test.autoconfigure.web.servlet.WebDriverTestExecutionListener@57abad67, org.springframework.boot.test.autoconfigure.webservices.client.MockWebServiceServerTestExecutionListener@550a1967]
2021-11-05T18:55:14.957+0800 INFO Starting OrderControllerTest using Java 1.8.0_261 on jijithas-air.lan with PID 10437 (started by jijithaneervarathabhinandanakumar in /Users/jijithaneervarathabhinandanakumar/Documents/PizzaOrder)
2021-11-05T18:55:14.960+0800 INFO No active profile set, falling back to default profiles: default
2021-11-05T18:55:16.390+0800 INFO Initializing Spring TestDispatcherServlet ''
2021-11-05T18:55:16.390+0800 INFO Initializing Servlet ''
2021-11-05T18:55:16.392+0800 INFO Completed initialization in 1 ms
2021-11-05T18:55:16.419+0800 INFO Started OrderControllerTest in 1.722 seconds (JVM running for 2.907)
2021-11-05T18:55:16.610+0800 INFO add order init
2021-11-05T18:55:16.611+0800 INFO validate order details init
2021-11-05T18:55:16.619+0800 INFO validate order details: quantity is invalid
2021-11-05T18:55:52.619+0800 INFO Neither @ContextConfiguration nor @ContextHierarchy found for test class [pizza.order.test.OrderControllerTest], using SpringBootContextLoader
2021-11-05T18:55:52.626+0800 INFO Could not detect default resource locations for test class [pizza.order.test.OrderControllerTest]: no resource found for suffixes {-context.xml, Context.groovy}.
2021-11-05T18:55:52.627+0800 INFO Could not detect default configuration classes for test class [pizza.order.test.OrderControllerTest]: OrderControllerTest does not declare any static, non-private, non-final, nested classes annotated with @Configuration.
2021-11-05T18:55:52.730+0800 INFO Found @SpringBootConfiguration pizza.order.PizzaOrderApplication for test class pizza.order.test.OrderControllerTest
2021-11-05T18:55:52.733+0800 INFO Loaded default TestExecutionListener class names from location [META-INF/spring.factories]: [org.springframework.boot.test.mock.mockito.MockitoTestExecutionListener, org.springframework.boot.test.mock.mockito.ResetMocksTestExecutionListener, org.springframework.boot.test.autoconfigure.restdocs.RestDocsTestExecutionListener, org.springframework.boot.test.autoconfigure.web.client.MockRestServiceServerResetTestExecutionListener, org.springframework.boot.test.autoconfigure.web.servlet.MockMvcPrintOnlyOnFailureTestExecutionListener, org.springframework.boot.test.autoconfigure.web.servlet.WebDriverTestExecutionListener, org.springframework.boot.test.autoconfigure.webservices.client.MockWebServiceServerTestExecutionListener, org.springframework.test.context.web.ServletTestExecutionListener, org.springframework.test.context.support.DirtiesContextBeforeModesTestExecutionListener, org.springframework.test.context.event.ApplicationEventsTestExecutionListener, org.springframework.test.context.support.DependencyInjectionTestExecutionListener, org.springframework.test.context.support.DirtiesContextTestExecutionListener, org.springframework.test.context.transaction.TransactionalTestExecutionListener, org.springframework.test.context.jdbc.SqlScriptsTestExecutionListener, org.springframework.test.context.event.EventPublishingTestExecutionListener, org.springframework.security.test.context.support.WithSecurityContextTestExecutionListener, org.springframework.security.test.context.support.ReactorContextTestExecutionListener]
2021-11-05T18:55:52.746+0800 INFO Using TestExecutionListeners: [org.springframework.test.context.web.ServletTestExecutionListener@13f95696, org.springframework.test.context.support.DirtiesContextBeforeModesTestExecutionListener@cd1d761, org.springframework.test.context.event.ApplicationEventsTestExecutionListener@68be8808, org.springframework.boot.test.mock.mockito.MockitoTestExecutionListener@32193bea, org.springframework.boot.test.autoconfigure.SpringBootDependencyInjectionTestExecutionListener@6b8d96d9, org.springframework.test.context.support.DirtiesContextTestExecutionListener@69653e16, org.springframework.test.context.transaction.TransactionalTestExecutionListener@758705fa, org.springframework.test.context.jdbc.SqlScriptsTestExecutionListener@ebaa6cb, org.springframework.test.context.event.EventPublishingTestExecutionListener@906d29b, org.springframework.security.test.context.support.WithSecurityContextTestExecutionListener@49d3c823, org.springframework.security.test.context.support.ReactorContextTestExecutionListener@436bc36, org.springframework.boot.test.mock.mockito.ResetMocksTestExecutionListener@5fe1ce85, org.springframework.boot.test.autoconfigure.restdocs.RestDocsTestExecutionListener@604c5de8, org.springframework.boot.test.autoconfigure.web.client.MockRestServiceServerResetTestExecutionListener@37091312, org.springframework.boot.test.autoconfigure.web.servlet.MockMvcPrintOnlyOnFailureTestExecutionListener@66fdec9, org.springframework.boot.test.autoconfigure.web.servlet.WebDriverTestExecutionListener@57abad67, org.springframework.boot.test.autoconfigure.webservices.client.MockWebServiceServerTestExecutionListener@550a1967]
2021-11-05T18:55:53.206+0800 INFO Starting OrderControllerTest using Java 1.8.0_261 on jijithas-air.lan with PID 10482 (started by jijithaneervarathabhinandanakumar in /Users/jijithaneervarathabhinandanakumar/Documents/PizzaOrder)
2021-11-05T18:55:53.213+0800 INFO No active profile set, falling back to default profiles: default
2021-11-05T18:55:55.977+0800 INFO Initializing Spring TestDispatcherServlet ''
2021-11-05T18:55:55.977+0800 INFO Initializing Servlet ''
2021-11-05T18:55:55.979+0800 INFO Completed initialization in 2 ms
2021-11-05T18:55:56.007+0800 INFO Started OrderControllerTest in 3.089 seconds (JVM running for 4.274)
2021-11-05T18:55:56.239+0800 INFO add order init
2021-11-05T18:55:56.240+0800 INFO validate order details init
2021-11-05T18:55:56.253+0800 INFO validate order details: quantity is invalid
2021-11-05T18:56:34.577+0800 INFO Neither @ContextConfiguration nor @ContextHierarchy found for test class [pizza.order.test.OrderControllerTest], using SpringBootContextLoader
2021-11-05T18:56:34.584+0800 INFO Could not detect default resource locations for test class [pizza.order.test.OrderControllerTest]: no resource found for suffixes {-context.xml, Context.groovy}.
2021-11-05T18:56:34.585+0800 INFO Could not detect default configuration classes for test class [pizza.order.test.OrderControllerTest]: OrderControllerTest does not declare any static, non-private, non-final, nested classes annotated with @Configuration.
2021-11-05T18:56:34.694+0800 INFO Found @SpringBootConfiguration pizza.order.PizzaOrderApplication for test class pizza.order.test.OrderControllerTest
2021-11-05T18:56:34.697+0800 INFO Loaded default TestExecutionListener class names from location [META-INF/spring.factories]: [org.springframework.boot.test.mock.mockito.MockitoTestExecutionListener, org.springframework.boot.test.mock.mockito.ResetMocksTestExecutionListener, org.springframework.boot.test.autoconfigure.restdocs.RestDocsTestExecutionListener, org.springframework.boot.test.autoconfigure.web.client.MockRestServiceServerResetTestExecutionListener, org.springframework.boot.test.autoconfigure.web.servlet.MockMvcPrintOnlyOnFailureTestExecutionListener, org.springframework.boot.test.autoconfigure.web.servlet.WebDriverTestExecutionListener, org.springframework.boot.test.autoconfigure.webservices.client.MockWebServiceServerTestExecutionListener, org.springframework.test.context.web.ServletTestExecutionListener, org.springframework.test.context.support.DirtiesContextBeforeModesTestExecutionListener, org.springframework.test.context.event.ApplicationEventsTestExecutionListener, org.springframework.test.context.support.DependencyInjectionTestExecutionListener, org.springframework.test.context.support.DirtiesContextTestExecutionListener, org.springframework.test.context.transaction.TransactionalTestExecutionListener, org.springframework.test.context.jdbc.SqlScriptsTestExecutionListener, org.springframework.test.context.event.EventPublishingTestExecutionListener, org.springframework.security.test.context.support.WithSecurityContextTestExecutionListener, org.springframework.security.test.context.support.ReactorContextTestExecutionListener]
2021-11-05T18:56:34.711+0800 INFO Using TestExecutionListeners: [org.springframework.test.context.web.ServletTestExecutionListener@13f95696, org.springframework.test.context.support.DirtiesContextBeforeModesTestExecutionListener@cd1d761, org.springframework.test.context.event.ApplicationEventsTestExecutionListener@68be8808, org.springframework.boot.test.mock.mockito.MockitoTestExecutionListener@32193bea, org.springframework.boot.test.autoconfigure.SpringBootDependencyInjectionTestExecutionListener@6b8d96d9, org.springframework.test.context.support.DirtiesContextTestExecutionListener@69653e16, org.springframework.test.context.transaction.TransactionalTestExecutionListener@758705fa, org.springframework.test.context.jdbc.SqlScriptsTestExecutionListener@ebaa6cb, org.springframework.test.context.event.EventPublishingTestExecutionListener@906d29b, org.springframework.security.test.context.support.WithSecurityContextTestExecutionListener@49d3c823, org.springframework.security.test.context.support.ReactorContextTestExecutionListener@436bc36, org.springframework.boot.test.mock.mockito.ResetMocksTestExecutionListener@5fe1ce85, org.springframework.boot.test.autoconfigure.restdocs.RestDocsTestExecutionListener@604c5de8, org.springframework.boot.test.autoconfigure.web.client.MockRestServiceServerResetTestExecutionListener@37091312, org.springframework.boot.test.autoconfigure.web.servlet.MockMvcPrintOnlyOnFailureTestExecutionListener@66fdec9, org.springframework.boot.test.autoconfigure.web.servlet.WebDriverTestExecutionListener@57abad67, org.springframework.boot.test.autoconfigure.webservices.client.MockWebServiceServerTestExecutionListener@550a1967]
2021-11-05T18:56:35.149+0800 INFO Starting OrderControllerTest using Java 1.8.0_261 on jijithas-air.lan with PID 10536 (started by jijithaneervarathabhinandanakumar in /Users/jijithaneervarathabhinandanakumar/Documents/PizzaOrder)
2021-11-05T18:56:35.153+0800 INFO No active profile set, falling back to default profiles: default
2021-11-05T18:56:36.641+0800 INFO Initializing Spring TestDispatcherServlet ''
2021-11-05T18:56:36.642+0800 INFO Initializing Servlet ''
2021-11-05T18:56:36.643+0800 INFO Completed initialization in 1 ms
2021-11-05T18:56:36.674+0800 INFO Started OrderControllerTest in 1.786 seconds (JVM running for 3.023)
2021-11-05T18:56:36.890+0800 INFO add order init
2021-11-05T18:56:36.894+0800 INFO order created successfully!
2021-11-05T19:00:35.478+0800 INFO Neither @ContextConfiguration nor @ContextHierarchy found for test class [pizza.order.test.OrderControllerTest], using SpringBootContextLoader
2021-11-05T19:00:35.486+0800 INFO Could not detect default resource locations for test class [pizza.order.test.OrderControllerTest]: no resource found for suffixes {-context.xml, Context.groovy}.
2021-11-05T19:00:35.487+0800 INFO Could not detect default configuration classes for test class [pizza.order.test.OrderControllerTest]: OrderControllerTest does not declare any static, non-private, non-final, nested classes annotated with @Configuration.
2021-11-05T19:00:35.590+0800 INFO Found @SpringBootConfiguration pizza.order.PizzaOrderApplication for test class pizza.order.test.OrderControllerTest
2021-11-05T19:00:35.593+0800 INFO Loaded default TestExecutionListener class names from location [META-INF/spring.factories]: [org.springframework.boot.test.mock.mockito.MockitoTestExecutionListener, org.springframework.boot.test.mock.mockito.ResetMocksTestExecutionListener, org.springframework.boot.test.autoconfigure.restdocs.RestDocsTestExecutionListener, org.springframework.boot.test.autoconfigure.web.client.MockRestServiceServerResetTestExecutionListener, org.springframework.boot.test.autoconfigure.web.servlet.MockMvcPrintOnlyOnFailureTestExecutionListener, org.springframework.boot.test.autoconfigure.web.servlet.WebDriverTestExecutionListener, org.springframework.boot.test.autoconfigure.webservices.client.MockWebServiceServerTestExecutionListener, org.springframework.test.context.web.ServletTestExecutionListener, org.springframework.test.context.support.DirtiesContextBeforeModesTestExecutionListener, org.springframework.test.context.event.ApplicationEventsTestExecutionListener, org.springframework.test.context.support.DependencyInjectionTestExecutionListener, org.springframework.test.context.support.DirtiesContextTestExecutionListener, org.springframework.test.context.transaction.TransactionalTestExecutionListener, org.springframework.test.context.jdbc.SqlScriptsTestExecutionListener, org.springframework.test.context.event.EventPublishingTestExecutionListener, org.springframework.security.test.context.support.WithSecurityContextTestExecutionListener, org.springframework.security.test.context.support.ReactorContextTestExecutionListener]
2021-11-05T19:00:35.608+0800 INFO Using TestExecutionListeners: [org.springframework.test.context.web.ServletTestExecutionListener@13f95696, org.springframework.test.context.support.DirtiesContextBeforeModesTestExecutionListener@cd1d761, org.springframework.test.context.event.ApplicationEventsTestExecutionListener@68be8808, org.springframework.boot.test.mock.mockito.MockitoTestExecutionListener@32193bea, org.springframework.boot.test.autoconfigure.SpringBootDependencyInjectionTestExecutionListener@6b8d96d9, org.springframework.test.context.support.DirtiesContextTestExecutionListener@69653e16, org.springframework.test.context.transaction.TransactionalTestExecutionListener@758705fa, org.springframework.test.context.jdbc.SqlScriptsTestExecutionListener@ebaa6cb, org.springframework.test.context.event.EventPublishingTestExecutionListener@906d29b, org.springframework.security.test.context.support.WithSecurityContextTestExecutionListener@49d3c823, org.springframework.security.test.context.support.ReactorContextTestExecutionListener@436bc36, org.springframework.boot.test.mock.mockito.ResetMocksTestExecutionListener@5fe1ce85, org.springframework.boot.test.autoconfigure.restdocs.RestDocsTestExecutionListener@604c5de8, org.springframework.boot.test.autoconfigure.web.client.MockRestServiceServerResetTestExecutionListener@37091312, org.springframework.boot.test.autoconfigure.web.servlet.MockMvcPrintOnlyOnFailureTestExecutionListener@66fdec9, org.springframework.boot.test.autoconfigure.web.servlet.WebDriverTestExecutionListener@57abad67, org.springframework.boot.test.autoconfigure.webservices.client.MockWebServiceServerTestExecutionListener@550a1967]
2021-11-05T19:00:36.074+0800 INFO Starting OrderControllerTest using Java 1.8.0_261 on jijithas-air.lan with PID 10851 (started by jijithaneervarathabhinandanakumar in /Users/jijithaneervarathabhinandanakumar/Documents/PizzaOrder)
2021-11-05T19:00:36.078+0800 INFO No active profile set, falling back to default profiles: default
2021-11-05T19:00:37.537+0800 INFO Initializing Spring TestDispatcherServlet ''
2021-11-05T19:00:37.537+0800 INFO Initializing Servlet ''
2021-11-05T19:00:37.539+0800 INFO Completed initialization in 1 ms
2021-11-05T19:00:37.568+0800 INFO Started OrderControllerTest in 1.765 seconds (JVM running for 3.052)
2021-11-05T19:00:37.780+0800 INFO add order init
2021-11-05T19:00:37.784+0800 INFO order created successfully!
2021-11-05T19:00:47.757+0800 INFO Neither @ContextConfiguration nor @ContextHierarchy found for test class [pizza.order.test.OrderControllerTest], using SpringBootContextLoader
2021-11-05T19:00:47.765+0800 INFO Could not detect default resource locations for test class [pizza.order.test.OrderControllerTest]: no resource found for suffixes {-context.xml, Context.groovy}.
2021-11-05T19:00:47.765+0800 INFO Could not detect default configuration classes for test class [pizza.order.test.OrderControllerTest]: OrderControllerTest does not declare any static, non-private, non-final, nested classes annotated with @Configuration.
2021-11-05T19:00:47.875+0800 INFO Found @SpringBootConfiguration pizza.order.PizzaOrderApplication for test class pizza.order.test.OrderControllerTest
2021-11-05T19:00:47.878+0800 INFO Loaded default TestExecutionListener class names from location [META-INF/spring.factories]: [org.springframework.boot.test.mock.mockito.MockitoTestExecutionListener, org.springframework.boot.test.mock.mockito.ResetMocksTestExecutionListener, org.springframework.boot.test.autoconfigure.restdocs.RestDocsTestExecutionListener, org.springframework.boot.test.autoconfigure.web.client.MockRestServiceServerResetTestExecutionListener, org.springframework.boot.test.autoconfigure.web.servlet.MockMvcPrintOnlyOnFailureTestExecutionListener, org.springframework.boot.test.autoconfigure.web.servlet.WebDriverTestExecutionListener, org.springframework.boot.test.autoconfigure.webservices.client.MockWebServiceServerTestExecutionListener, org.springframework.test.context.web.ServletTestExecutionListener, org.springframework.test.context.support.DirtiesContextBeforeModesTestExecutionListener, org.springframework.test.context.event.ApplicationEventsTestExecutionListener, org.springframework.test.context.support.DependencyInjectionTestExecutionListener, org.springframework.test.context.support.DirtiesContextTestExecutionListener, org.springframework.test.context.transaction.TransactionalTestExecutionListener, org.springframework.test.context.jdbc.SqlScriptsTestExecutionListener, org.springframework.test.context.event.EventPublishingTestExecutionListener, org.springframework.security.test.context.support.WithSecurityContextTestExecutionListener, org.springframework.security.test.context.support.ReactorContextTestExecutionListener]
2021-11-05T19:00:47.892+0800 INFO Using TestExecutionListeners: [org.springframework.test.context.web.ServletTestExecutionListener@13f95696, org.springframework.test.context.support.DirtiesContextBeforeModesTestExecutionListener@cd1d761, org.springframework.test.context.event.ApplicationEventsTestExecutionListener@68be8808, org.springframework.boot.test.mock.mockito.MockitoTestExecutionListener@32193bea, org.springframework.boot.test.autoconfigure.SpringBootDependencyInjectionTestExecutionListener@6b8d96d9, org.springframework.test.context.support.DirtiesContextTestExecutionListener@69653e16, org.springframework.test.context.transaction.TransactionalTestExecutionListener@758705fa, org.springframework.test.context.jdbc.SqlScriptsTestExecutionListener@ebaa6cb, org.springframework.test.context.event.EventPublishingTestExecutionListener@906d29b, org.springframework.security.test.context.support.WithSecurityContextTestExecutionListener@49d3c823, org.springframework.security.test.context.support.ReactorContextTestExecutionListener@436bc36, org.springframework.boot.test.mock.mockito.ResetMocksTestExecutionListener@5fe1ce85, org.springframework.boot.test.autoconfigure.restdocs.RestDocsTestExecutionListener@604c5de8, org.springframework.boot.test.autoconfigure.web.client.MockRestServiceServerResetTestExecutionListener@37091312, org.springframework.boot.test.autoconfigure.web.servlet.MockMvcPrintOnlyOnFailureTestExecutionListener@66fdec9, org.springframework.boot.test.autoconfigure.web.servlet.WebDriverTestExecutionListener@57abad67, org.springframework.boot.test.autoconfigure.webservices.client.MockWebServiceServerTestExecutionListener@550a1967]
2021-11-05T19:00:48.343+0800 INFO Starting OrderControllerTest using Java 1.8.0_261 on jijithas-air.lan with PID 10866 (started by jijithaneervarathabhinandanakumar in /Users/jijithaneervarathabhinandanakumar/Documents/PizzaOrder)
2021-11-05T19:00:48.347+0800 INFO No active profile set, falling back to default profiles: default
2021-11-05T19:00:49.878+0800 INFO Initializing Spring TestDispatcherServlet ''
2021-11-05T19:00:49.878+0800 INFO Initializing Servlet ''
2021-11-05T19:00:49.880+0800 INFO Completed initialization in 1 ms
2021-11-05T19:00:49.911+0800 INFO Started OrderControllerTest in 1.843 seconds (JVM running for 3.092)
2021-11-05T19:00:50.146+0800 INFO add order init
2021-11-05T19:00:50.151+0800 INFO order created successfully!
2021-11-05T19:01:06.051+0800 INFO Neither @ContextConfiguration nor @ContextHierarchy found for test class [pizza.order.test.OrderControllerTest], using SpringBootContextLoader
2021-11-05T19:01:06.060+0800 INFO Could not detect default resource locations for test class [pizza.order.test.OrderControllerTest]: no resource found for suffixes {-context.xml, Context.groovy}.
2021-11-05T19:01:06.061+0800 INFO Could not detect default configuration classes for test class [pizza.order.test.OrderControllerTest]: OrderControllerTest does not declare any static, non-private, non-final, nested classes annotated with @Configuration.
2021-11-05T19:01:06.174+0800 INFO Found @SpringBootConfiguration pizza.order.PizzaOrderApplication for test class pizza.order.test.OrderControllerTest
2021-11-05T19:01:06.177+0800 INFO Loaded default TestExecutionListener class names from location [META-INF/spring.factories]: [org.springframework.boot.test.mock.mockito.MockitoTestExecutionListener, org.springframework.boot.test.mock.mockito.ResetMocksTestExecutionListener, org.springframework.boot.test.autoconfigure.restdocs.RestDocsTestExecutionListener, org.springframework.boot.test.autoconfigure.web.client.MockRestServiceServerResetTestExecutionListener, org.springframework.boot.test.autoconfigure.web.servlet.MockMvcPrintOnlyOnFailureTestExecutionListener, org.springframework.boot.test.autoconfigure.web.servlet.WebDriverTestExecutionListener, org.springframework.boot.test.autoconfigure.webservices.client.MockWebServiceServerTestExecutionListener, org.springframework.test.context.web.ServletTestExecutionListener, org.springframework.test.context.support.DirtiesContextBeforeModesTestExecutionListener, org.springframework.test.context.event.ApplicationEventsTestExecutionListener, org.springframework.test.context.support.DependencyInjectionTestExecutionListener, org.springframework.test.context.support.DirtiesContextTestExecutionListener, org.springframework.test.context.transaction.TransactionalTestExecutionListener, org.springframework.test.context.jdbc.SqlScriptsTestExecutionListener, org.springframework.test.context.event.EventPublishingTestExecutionListener, org.springframework.security.test.context.support.WithSecurityContextTestExecutionListener, org.springframework.security.test.context.support.ReactorContextTestExecutionListener]
2021-11-05T19:01:06.193+0800 INFO Using TestExecutionListeners: [org.springframework.test.context.web.ServletTestExecutionListener@13f95696, org.springframework.test.context.support.DirtiesContextBeforeModesTestExecutionListener@cd1d761, org.springframework.test.context.event.ApplicationEventsTestExecutionListener@68be8808, org.springframework.boot.test.mock.mockito.MockitoTestExecutionListener@32193bea, org.springframework.boot.test.autoconfigure.SpringBootDependencyInjectionTestExecutionListener@6b8d96d9, org.springframework.test.context.support.DirtiesContextTestExecutionListener@69653e16, org.springframework.test.context.transaction.TransactionalTestExecutionListener@758705fa, org.springframework.test.context.jdbc.SqlScriptsTestExecutionListener@ebaa6cb, org.springframework.test.context.event.EventPublishingTestExecutionListener@906d29b, org.springframework.security.test.context.support.WithSecurityContextTestExecutionListener@49d3c823, org.springframework.security.test.context.support.ReactorContextTestExecutionListener@436bc36, org.springframework.boot.test.mock.mockito.ResetMocksTestExecutionListener@5fe1ce85, org.springframework.boot.test.autoconfigure.restdocs.RestDocsTestExecutionListener@604c5de8, org.springframework.boot.test.autoconfigure.web.client.MockRestServiceServerResetTestExecutionListener@37091312, org.springframework.boot.test.autoconfigure.web.servlet.MockMvcPrintOnlyOnFailureTestExecutionListener@66fdec9, org.springframework.boot.test.autoconfigure.web.servlet.WebDriverTestExecutionListener@57abad67, org.springframework.boot.test.autoconfigure.webservices.client.MockWebServiceServerTestExecutionListener@550a1967]
2021-11-05T19:01:06.697+0800 INFO Starting OrderControllerTest using Java 1.8.0_261 on jijithas-air.lan with PID 10893 (started by jijithaneervarathabhinandanakumar in /Users/jijithaneervarathabhinandanakumar/Documents/PizzaOrder)
2021-11-05T19:01:06.704+0800 INFO No active profile set, falling back to default profiles: default
2021-11-05T19:01:08.401+0800 INFO Initializing Spring TestDispatcherServlet ''
2021-11-05T19:01:08.401+0800 INFO Initializing Servlet ''
2021-11-05T19:01:08.403+0800 INFO Completed initialization in 1 ms
2021-11-05T19:01:08.435+0800 INFO Started OrderControllerTest in 2.06 seconds (JVM running for 3.365)
2021-11-05T19:01:08.696+0800 INFO add order init
2021-11-05T19:01:08.696+0800 INFO validate order details init
2021-11-05T19:01:08.711+0800 INFO order created successfully!
2021-11-05T19:02:53.627+0800 INFO Starting PizzaOrderApplication using Java 1.8.0_261 on jijithas-air.lan with PID 11069 (/Users/jijithaneervarathabhinandanakumar/Documents/PizzaOrder/target/classes started by jijithaneervarathabhinandanakumar in /Users/jijithaneervarathabhinandanakumar/Documents/PizzaOrder)
2021-11-05T19:02:53.635+0800 INFO No active profile set, falling back to default profiles: default
2021-11-05T19:02:54.446+0800 INFO Bootstrapping Spring Data JPA repositories in DEFAULT mode.
2021-11-05T19:02:54.491+0800 INFO Finished Spring Data repository scanning in 38 ms. Found 1 JPA repository interfaces.
2021-11-05T19:02:55.415+0800 INFO Tomcat initialized with port(s): 8082 (http)
2021-11-05T19:02:55.437+0800 INFO Initializing ProtocolHandler ["http-nio-8082"]
2021-11-05T19:02:55.438+0800 INFO Starting service [Tomcat]
2021-11-05T19:02:55.439+0800 INFO Starting Servlet engine: [Apache Tomcat/9.0.54]
2021-11-05T19:02:55.590+0800 INFO Initializing Spring embedded WebApplicationContext
2021-11-05T19:02:55.590+0800 INFO Root WebApplicationContext: initialization completed in 1921 ms
2021-11-05T19:02:55.650+0800 INFO HikariPool-1 - Starting...
2021-11-05T19:02:56.059+0800 INFO HikariPool-1 - Start completed.
2021-11-05T19:02:56.083+0800 INFO H2 console available at '/h2-console'. Database available at 'jdbc:h2:file:./src/main/resources/db/orders'
2021-11-05T19:02:56.322+0800 INFO HHH000204: Processing PersistenceUnitInfo [name: default]
2021-11-05T19:02:56.482+0800 INFO HHH000412: Hibernate ORM core version 5.4.32.Final
2021-11-05T19:02:57.041+0800 INFO HCANN000001: Hibernate Commons Annotations {5.1.2.Final}
2021-11-05T19:02:57.392+0800 INFO HHH000400: Using dialect: org.hibernate.dialect.H2Dialect
2021-11-05T19:02:58.413+0800 INFO HHH000490: Using JtaPlatform implementation: [org.hibernate.engine.transaction.jta.platform.internal.NoJtaPlatform]
2021-11-05T19:02:58.424+0800 INFO Initialized JPA EntityManagerFactory for persistence unit 'default'
2021-11-05T19:02:59.122+0800 WARN spring.jpa.open-in-view is enabled by default. Therefore, database queries may be performed during view rendering. Explicitly configure spring.jpa.open-in-view to disable this warning
2021-11-05T19:02:59.789+0800 INFO Starting ProtocolHandler ["http-nio-8082"]
2021-11-05T19:02:59.810+0800 INFO Tomcat started on port(s): 8082 (http) with context path ''
2021-11-05T19:03:00.023+0800 INFO Started PizzaOrderApplication in 6.733 seconds (JVM running for 7.496)
2021-11-05T19:03:18.545+0800 INFO Initializing Spring DispatcherServlet 'dispatcherServlet'
2021-11-05T19:03:18.545+0800 INFO Initializing Servlet 'dispatcherServlet'
2021-11-05T19:03:18.548+0800 INFO Completed initialization in 3 ms
2021-11-05T19:03:39.548+0800 INFO add order init
2021-11-05T19:03:39.549+0800 INFO validate order details init
2021-11-05T19:03:39.566+0800 INFO Creating order init
2021-11-05T19:03:39.599+0800 INFO Order created
2021-11-05T19:03:39.619+0800 INFO order created successfully!
2021-11-05T19:03:48.031+0800 INFO add order init
2021-11-05T19:03:48.032+0800 INFO validate order details init
2021-11-05T19:03:48.032+0800 INFO Creating order init
2021-11-05T19:03:48.032+0800 INFO Order created
2021-11-05T19:03:48.034+0800 INFO order created successfully!
2021-11-05T19:03:56.558+0800 INFO add order init
2021-11-05T19:03:56.558+0800 INFO validate order details init
2021-11-05T19:03:56.559+0800 INFO validate order details: quantity is invalid
2021-11-05T19:04:09.838+0800 INFO add order init
2021-11-05T19:04:09.839+0800 INFO validate order details init
2021-11-05T19:04:09.839+0800 INFO validate order details: price is invalid
2021-11-05T19:04:16.328+0800 INFO add order init
2021-11-05T19:04:16.328+0800 INFO validate order details init
2021-11-05T19:04:16.328+0800 INFO validate order details: quantity is invalid
2021-11-05T19:04:21.493+0800 INFO add order init
2021-11-05T19:04:21.493+0800 INFO validate order details init
2021-11-05T19:04:21.493+0800 INFO validate order details: quantity is invalid
2021-11-05T19:04:27.155+0800 INFO add order init
2021-11-05T19:04:27.156+0800 INFO validate order details init
2021-11-05T19:04:27.156+0800 INFO Creating order init
2021-11-05T19:04:27.157+0800 INFO Order created
2021-11-05T19:04:27.158+0800 INFO order created successfully!
